app/[businessSlug]/tasks/TasksBoardClient.tsx(127,30): error TS2339: Property 'REVIEW' does not exist on type '{ TODO: "TODO"; IN_PROGRESS: "IN_PROGRESS"; IN_REVIEW: "IN_REVIEW"; DONE: "DONE"; CANCELLED: "CANCELLED"; }'.
app/actions/documents/documents.ts(120,9): error TS2554: Expected 2 arguments, but got 1.
app/actions/events/events.ts(150,9): error TS2554: Expected 2 arguments, but got 1.
app/actions/events/events.ts(151,9): error TS2554: Expected 2 arguments, but got 1.
app/actions/events/events.ts(174,9): error TS2554: Expected 2 arguments, but got 1.
app/actions/events/events.ts(175,9): error TS2554: Expected 2 arguments, but got 1.
app/actions/events/events.ts(176,9): error TS2554: Expected 2 arguments, but got 1.
app/actions/events/events.ts(197,9): error TS2554: Expected 2 arguments, but got 1.
app/actions/events/events.ts(198,9): error TS2554: Expected 2 arguments, but got 1.
app/actions/events/events.ts(199,9): error TS2554: Expected 2 arguments, but got 1.
app/actions/events/inventory.ts(36,9): error TS2554: Expected 2 arguments, but got 1.
app/actions/events/inventory.ts(51,21): error TS2353: Object literal may only specify known properties, and 'status' does not exist in type '(Without<EventInventoryItemUpdateInput, EventInventoryItemUncheckedUpdateInput> & EventInventoryItemUncheckedUpdateInput) | (Without<...> & EventInventoryItemUpdateInput)'.
app/actions/events/inventory.ts(54,9): error TS2554: Expected 2 arguments, but got 1.
app/actions/events/inventory.ts(71,9): error TS2554: Expected 2 arguments, but got 1.
app/actions/events/leads.ts(57,9): error TS2554: Expected 2 arguments, but got 1.
app/actions/events/leads.ts(58,9): error TS2554: Expected 2 arguments, but got 1.
app/actions/events/leads.ts(95,29): error TS2353: Object literal may only specify known properties, and 'type' does not exist in type 'Without<CompanyCreateInput, CompanyUncheckedCreateInput> & CompanyUncheckedCreateInput'.
app/actions/events/leads.ts(103,41): error TS2339: Property 'contact' does not exist on type 'Omit<PrismaClient<PrismaClientOptions, never, DefaultArgs>, "$connect" | "$disconnect" | "$on" | "$transaction" | "$use" | "$extends">'.
app/actions/events/leads.ts(127,9): error TS2554: Expected 2 arguments, but got 1.
app/actions/events/leads.ts(128,9): error TS2554: Expected 2 arguments, but got 1.
app/actions/events/leads.ts(129,9): error TS2554: Expected 2 arguments, but got 1.
app/actions/events/leads.ts(130,9): error TS2554: Expected 2 arguments, but got 1.
app/actions/events/leads.ts(149,9): error TS2554: Expected 2 arguments, but got 1.
app/actions/events/leads.ts(150,9): error TS2554: Expected 2 arguments, but got 1.
app/actions/strategy/goals.ts(198,49): error TS2322: Type 'number' is not assignable to type 'Decimal'.
app/actions/strategy/goals.ts(204,25): error TS2322: Type 'number | null | undefined' is not assignable to type 'string | number | Decimal | DecimalJsLike | DecimalFieldUpdateOperationsInput | undefined'.
  Type 'null' is not assignable to type 'string | number | Decimal | DecimalJsLike | DecimalFieldUpdateOperationsInput | undefined'.
app/actions/strategy/goals.ts(218,48): error TS2322: Type 'number' is not assignable to type 'Decimal'.
app/actions/tasks/tasks.ts(42,25): error TS2353: Object literal may only specify known properties, and 'assignedTo' does not exist in type 'TaskInclude<DefaultArgs>'.
